<?xml version="1.0" encoding="UTF-8"?>
<!-- Generated by org.testng.reporters.JUnitReportReporter -->
<testsuite hostname="ZEPHYRUS" failures="0" tests="2" name="ApiTest" time="2.108" errors="0" timestamp="2022-02-27T21:03:35 COT" skipped="0">
  <testcase classname="ApiTest" name="test2" time="0.318"/>
  <system-out/>
  <testcase classname="ApiTest" name="test1" time="1.790"/>
  <system-out/>
</testsuite> <!-- ApiTest -->
